<?xml version="1.0" encoding="UTF-8"?>
<!-- Generated by org.testng.reporters.JUnitReportReporter -->
<testsuite skipped="0" hostname="Sivadass-Kob-Machine" name="newelite.Orderplacing" tests="1" failures="0" timestamp="22 Jun 2019 12:00:11 GMT" time="71.910" errors="0">
  <testcase name="positiveflow" time="71.910" classname="newelite.Orderplacing"/>
</testsuite> <!-- newelite.Orderplacing -->
