<?xml version="1.0" encoding="UTF-8"?>
<!-- Generated by org.testng.reporters.JUnitReportReporter -->
<testsuite skipped="0" hostname="Sivadass-Kob-Machine" name="helloworld.Basicjava" tests="1" failures="0" timestamp="23 Jul 2019 12:53:58 GMT" time="0.028" errors="0">
  <testcase name="positiveflow" time="0.028" classname="helloworld.Basicjava"/>
</testsuite> <!-- helloworld.Basicjava -->
